2025/05/15 14:39:12 [info] [application] Login attempt with username: test | Password: testuser
in C:\xampp\htdocs\Amplify\protected\controllers\SiteController.php (120)
in C:\xampp\htdocs\Amplify\index.php (13)
2025/05/15 14:39:12 [error] [application] Authentication failed: invalid password for 'test'
in C:\xampp\htdocs\Amplify\protected\components\UserIdentity.php (29)
in C:\xampp\htdocs\Amplify\protected\models\LoginForm.php (54)
in C:\xampp\htdocs\Amplify\protected\controllers\SiteController.php (123)
2025/05/15 14:39:12 [error] [application] Authentication failed: invalid password for this: 'test'
in C:\xampp\htdocs\Amplify\protected\components\UserIdentity.php (31)
in C:\xampp\htdocs\Amplify\protected\models\LoginForm.php (54)
in C:\xampp\htdocs\Amplify\protected\controllers\SiteController.php (123)
2025/05/15 14:39:12 [error] [application] Authentication failed: invalid password for user: 'test'
in C:\xampp\htdocs\Amplify\protected\components\UserIdentity.php (32)
in C:\xampp\htdocs\Amplify\protected\models\LoginForm.php (54)
in C:\xampp\htdocs\Amplify\protected\controllers\SiteController.php (123)
2025/05/15 14:41:09 [info] [application] Login attempt with username: skibidi | Password: abc123
in C:\xampp\htdocs\Amplify\protected\controllers\SiteController.php (120)
in C:\xampp\htdocs\Amplify\index.php (13)
2025/05/15 14:41:10 [info] [application] Authentication successful for 'skibidi'
in C:\xampp\htdocs\Amplify\protected\components\UserIdentity.php (38)
in C:\xampp\htdocs\Amplify\protected\models\LoginForm.php (54)
in C:\xampp\htdocs\Amplify\protected\controllers\SiteController.php (123)
2025/05/15 14:42:47 [info] [application] Login attempt with username: admin | Password: abc123
in C:\xampp\htdocs\Amplify\protected\controllers\SiteController.php (120)
in C:\xampp\htdocs\Amplify\index.php (13)
2025/05/15 14:42:47 [info] [application] Authentication successful for 'admin'
in C:\xampp\htdocs\Amplify\protected\components\UserIdentity.php (38)
in C:\xampp\htdocs\Amplify\protected\models\LoginForm.php (54)
in C:\xampp\htdocs\Amplify\protected\controllers\SiteController.php (123)
2025/05/15 14:42:47 [warning] [application] No customer found for user ID: 2
in C:\xampp\htdocs\Amplify\protected\widgets\Navbar.php (31)
in C:\xampp\htdocs\Amplify\protected\components\views\navbar.php (7)
in C:\xampp\htdocs\Amplify\protected\widgets\Navbar.php (12)
2025/05/15 14:50:01 [warning] [application] No customer found for user ID: 2
in C:\xampp\htdocs\Amplify\protected\widgets\Navbar.php (31)
in C:\xampp\htdocs\Amplify\protected\components\views\navbar.php (7)
in C:\xampp\htdocs\Amplify\protected\widgets\Navbar.php (12)
2025/05/15 14:50:17 [warning] [application] No customer found for user ID: 2
in C:\xampp\htdocs\Amplify\protected\widgets\Navbar.php (31)
in C:\xampp\htdocs\Amplify\protected\components\views\navbar.php (7)
in C:\xampp\htdocs\Amplify\protected\widgets\Navbar.php (12)
2025/05/15 14:50:20 [warning] [application] No customer found for user ID: 2
in C:\xampp\htdocs\Amplify\protected\widgets\Navbar.php (31)
in C:\xampp\htdocs\Amplify\protected\components\views\navbar.php (7)
in C:\xampp\htdocs\Amplify\protected\widgets\Navbar.php (12)
2025/05/15 14:50:22 [info] [application] Search query: None
in C:\xampp\htdocs\Amplify\protected\controllers\ProductController.php (185)
in C:\xampp\htdocs\Amplify\index.php (13)
2025/05/15 14:50:22 [info] [application] DataProvider criteria: CDbCriteria Object
(
    [_e:CComponent:private] => 
    [_m:CComponent:private] => 
    [select] => *
    [distinct] => 
    [condition] => status=:ycp0
    [params] => Array
        (
            [:ycp0] => 1
        )

    [limit] => -1
    [offset] => -1
    [order] => id DESC
    [group] => 
    [join] => 
    [having] => 
    [with] => 
    [alias] => 
    [together] => 
    [index] => 
    [scopes] => 
)

in C:\xampp\htdocs\Amplify\protected\controllers\ProductController.php (245)
in C:\xampp\htdocs\Amplify\index.php (13)
2025/05/15 14:50:22 [info] [application] DataProvider : CActiveDataProvider Object
(
    [_e:CComponent:private] => 
    [_m:CComponent:private] => 
    [_id:CDataProvider:private] => Product
    [_data:CDataProvider:private] => 
    [_keys:CDataProvider:private] => 
    [_totalItemCount:CDataProvider:private] => 
    [_sort:CDataProvider:private] => 
    [_pagination:CDataProvider:private] => CPagination Object
        (
            [_e:CComponent:private] => 
            [_m:CComponent:private] => 
            [pageVar] => Product_page
            [route] => 
            [params] => 
            [validateCurrentPage] => 1
            [_pageSize:CPagination:private] => 9
            [_itemCount:CPagination:private] => 0
            [_currentPage:CPagination:private] => 
        )

    [modelClass] => Product
    [model] => Product Object
        (
            [_e:CComponent:private] => 
            [_m:CComponent:private] => 
            [_errors:CModel:private] => Array
                (
                )

            [_validators:CModel:private] => 
            [_scenario:CModel:private] => 
            [_new:CActiveRecord:private] => 
            [_attributes:CActiveRecord:private] => Array
                (
                )

            [_related:CActiveRecord:private] => Array
                (
                )

            [_c:CActiveRecord:private] => 
            [_pk:CActiveRecord:private] => 
            [_alias:CActiveRecord:private] => t
            [imageFile] => 
            [total_sold] => 
        )

    [keyAttribute] => 
    [_criteria:CActiveDataProvider:private] => CDbCriteria Object
        (
            [_e:CComponent:private] => 
            [_m:CComponent:private] => 
            [select] => *
            [distinct] => 
            [condition] => status=:ycp0
            [params] => Array
                (
                    [:ycp0] => 1
                )

            [limit] => -1
            [offset] => -1
            [order] => id DESC
            [group] => 
            [join] => 
            [having] => 
            [with] => 
            [alias] => 
            [together] => 
            [index] => 
            [scopes] => 
        )

    [_countCriteria:CActiveDataProvider:private] => 
)

in C:\xampp\htdocs\Amplify\protected\controllers\ProductController.php (246)
in C:\xampp\htdocs\Amplify\index.php (13)
2025/05/15 14:50:28 [info] [application] Login attempt with username: admin | Password: abc123
in C:\xampp\htdocs\Amplify\protected\controllers\SiteController.php (120)
in C:\xampp\htdocs\Amplify\index.php (13)
2025/05/15 14:50:29 [info] [application] Authentication successful for 'admin'
in C:\xampp\htdocs\Amplify\protected\components\UserIdentity.php (38)
in C:\xampp\htdocs\Amplify\protected\models\LoginForm.php (54)
in C:\xampp\htdocs\Amplify\protected\controllers\SiteController.php (123)
2025/05/15 14:50:29 [warning] [application] No customer found for user ID: 2
in C:\xampp\htdocs\Amplify\protected\widgets\Navbar.php (31)
in C:\xampp\htdocs\Amplify\protected\components\views\navbar.php (7)
in C:\xampp\htdocs\Amplify\protected\widgets\Navbar.php (12)
2025/05/15 14:50:30 [warning] [application] No customer found for user ID: 2
in C:\xampp\htdocs\Amplify\protected\widgets\Navbar.php (31)
in C:\xampp\htdocs\Amplify\protected\components\views\navbar.php (7)
in C:\xampp\htdocs\Amplify\protected\widgets\Navbar.php (12)
2025/05/15 14:50:31 [warning] [application] No customer found for user ID: 2
in C:\xampp\htdocs\Amplify\protected\widgets\Navbar.php (31)
in C:\xampp\htdocs\Amplify\protected\components\views\navbar.php (7)
in C:\xampp\htdocs\Amplify\protected\widgets\Navbar.php (12)
2025/05/15 14:50:33 [warning] [application] No customer found for user ID: 2
in C:\xampp\htdocs\Amplify\protected\widgets\Navbar.php (31)
in C:\xampp\htdocs\Amplify\protected\components\views\navbar.php (7)
in C:\xampp\htdocs\Amplify\protected\widgets\Navbar.php (12)
2025/05/15 14:50:34 [warning] [application] No customer found for user ID: 2
in C:\xampp\htdocs\Amplify\protected\widgets\Navbar.php (31)
in C:\xampp\htdocs\Amplify\protected\components\views\navbar.php (7)
in C:\xampp\htdocs\Amplify\protected\widgets\Navbar.php (12)
2025/05/15 14:50:35 [warning] [application] No customer found for user ID: 2
in C:\xampp\htdocs\Amplify\protected\widgets\Navbar.php (31)
in C:\xampp\htdocs\Amplify\protected\components\views\navbar.php (7)
in C:\xampp\htdocs\Amplify\protected\widgets\Navbar.php (12)
2025/05/15 14:50:55 [warning] [application] No customer found for user ID: 2
in C:\xampp\htdocs\Amplify\protected\widgets\Navbar.php (31)
in C:\xampp\htdocs\Amplify\protected\components\views\navbar.php (7)
in C:\xampp\htdocs\Amplify\protected\widgets\Navbar.php (12)
2025/05/15 14:50:58 [warning] [application] No customer found for user ID: 2
in C:\xampp\htdocs\Amplify\protected\widgets\Navbar.php (31)
in C:\xampp\htdocs\Amplify\protected\components\views\navbar.php (7)
in C:\xampp\htdocs\Amplify\protected\widgets\Navbar.php (12)
2025/05/15 14:50:59 [warning] [application] No customer found for user ID: 2
in C:\xampp\htdocs\Amplify\protected\widgets\Navbar.php (31)
in C:\xampp\htdocs\Amplify\protected\components\views\navbar.php (7)
in C:\xampp\htdocs\Amplify\protected\widgets\Navbar.php (12)
2025/05/15 14:51:06 [warning] [application] No customer found for user ID: 2
in C:\xampp\htdocs\Amplify\protected\widgets\Navbar.php (31)
in C:\xampp\htdocs\Amplify\protected\components\views\navbar.php (7)
in C:\xampp\htdocs\Amplify\protected\widgets\Navbar.php (12)
2025/05/15 14:51:09 [warning] [application] No customer found for user ID: 2
in C:\xampp\htdocs\Amplify\protected\widgets\Navbar.php (31)
in C:\xampp\htdocs\Amplify\protected\components\views\navbar.php (7)
in C:\xampp\htdocs\Amplify\protected\widgets\Navbar.php (12)
2025/05/15 14:51:10 [warning] [application] No customer found for user ID: 2
in C:\xampp\htdocs\Amplify\protected\widgets\Navbar.php (31)
in C:\xampp\htdocs\Amplify\protected\components\views\navbar.php (7)
in C:\xampp\htdocs\Amplify\protected\widgets\Navbar.php (12)
2025/05/15 14:51:13 [warning] [application] No customer found for user ID: 2
in C:\xampp\htdocs\Amplify\protected\widgets\Navbar.php (31)
in C:\xampp\htdocs\Amplify\protected\components\views\navbar.php (7)
in C:\xampp\htdocs\Amplify\protected\widgets\Navbar.php (12)
2025/05/15 14:51:18 [warning] [application] No customer found for user ID: 2
in C:\xampp\htdocs\Amplify\protected\widgets\Navbar.php (31)
in C:\xampp\htdocs\Amplify\protected\components\views\navbar.php (7)
in C:\xampp\htdocs\Amplify\protected\widgets\Navbar.php (12)
2025/05/15 14:51:19 [warning] [application] No customer found for user ID: 2
in C:\xampp\htdocs\Amplify\protected\widgets\Navbar.php (31)
in C:\xampp\htdocs\Amplify\protected\components\views\navbar.php (7)
in C:\xampp\htdocs\Amplify\protected\widgets\Navbar.php (12)
2025/05/15 14:51:22 [warning] [application] No customer found for user ID: 2
in C:\xampp\htdocs\Amplify\protected\widgets\Navbar.php (31)
in C:\xampp\htdocs\Amplify\protected\components\views\navbar.php (7)
in C:\xampp\htdocs\Amplify\protected\widgets\Navbar.php (12)
2025/05/15 14:51:23 [warning] [application] No customer found for user ID: 2
in C:\xampp\htdocs\Amplify\protected\widgets\Navbar.php (31)
in C:\xampp\htdocs\Amplify\protected\components\views\navbar.php (7)
in C:\xampp\htdocs\Amplify\protected\widgets\Navbar.php (12)
2025/05/15 14:51:24 [warning] [application] No customer found for user ID: 2
in C:\xampp\htdocs\Amplify\protected\widgets\Navbar.php (31)
in C:\xampp\htdocs\Amplify\protected\components\views\navbar.php (7)
in C:\xampp\htdocs\Amplify\protected\widgets\Navbar.php (12)
2025/05/15 14:51:27 [warning] [application] No customer found for user ID: 2
in C:\xampp\htdocs\Amplify\protected\widgets\Navbar.php (31)
in C:\xampp\htdocs\Amplify\protected\components\views\navbar.php (7)
in C:\xampp\htdocs\Amplify\protected\widgets\Navbar.php (12)
2025/05/15 14:51:31 [warning] [application] No customer found for user ID: 2
in C:\xampp\htdocs\Amplify\protected\widgets\Navbar.php (31)
in C:\xampp\htdocs\Amplify\protected\components\views\navbar.php (7)
in C:\xampp\htdocs\Amplify\protected\widgets\Navbar.php (12)
2025/05/15 14:51:32 [warning] [application] No customer found for user ID: 2
in C:\xampp\htdocs\Amplify\protected\widgets\Navbar.php (31)
in C:\xampp\htdocs\Amplify\protected\components\views\navbar.php (7)
in C:\xampp\htdocs\Amplify\protected\widgets\Navbar.php (12)
2025/05/15 14:51:34 [warning] [application] No customer found for user ID: 2
in C:\xampp\htdocs\Amplify\protected\widgets\Navbar.php (31)
in C:\xampp\htdocs\Amplify\protected\components\views\navbar.php (7)
in C:\xampp\htdocs\Amplify\protected\widgets\Navbar.php (12)
2025/05/15 14:51:35 [warning] [application] No customer found for user ID: 2
in C:\xampp\htdocs\Amplify\protected\widgets\Navbar.php (31)
in C:\xampp\htdocs\Amplify\protected\components\views\navbar.php (7)
in C:\xampp\htdocs\Amplify\protected\widgets\Navbar.php (12)
2025/05/15 14:51:35 [warning] [application] No customer found for user ID: 2
in C:\xampp\htdocs\Amplify\protected\widgets\Navbar.php (31)
in C:\xampp\htdocs\Amplify\protected\components\views\navbar.php (7)
in C:\xampp\htdocs\Amplify\protected\widgets\Navbar.php (12)
2025/05/15 14:51:43 [warning] [application] No customer found for user ID: 2
in C:\xampp\htdocs\Amplify\protected\widgets\Navbar.php (31)
in C:\xampp\htdocs\Amplify\protected\components\views\navbar.php (7)
in C:\xampp\htdocs\Amplify\protected\widgets\Navbar.php (12)
2025/05/15 14:51:44 [warning] [application] No customer found for user ID: 2
in C:\xampp\htdocs\Amplify\protected\widgets\Navbar.php (31)
in C:\xampp\htdocs\Amplify\protected\components\views\navbar.php (7)
in C:\xampp\htdocs\Amplify\protected\widgets\Navbar.php (12)
2025/05/15 14:51:45 [warning] [application] No customer found for user ID: 2
in C:\xampp\htdocs\Amplify\protected\widgets\Navbar.php (31)
in C:\xampp\htdocs\Amplify\protected\components\views\navbar.php (7)
in C:\xampp\htdocs\Amplify\protected\widgets\Navbar.php (12)
2025/05/15 14:51:50 [warning] [application] No customer found for user ID: 2
in C:\xampp\htdocs\Amplify\protected\widgets\Navbar.php (31)
in C:\xampp\htdocs\Amplify\protected\components\views\navbar.php (7)
in C:\xampp\htdocs\Amplify\protected\widgets\Navbar.php (12)
2025/05/15 14:51:50 [warning] [application] No customer found for user ID: 2
in C:\xampp\htdocs\Amplify\protected\widgets\Navbar.php (31)
in C:\xampp\htdocs\Amplify\protected\components\views\navbar.php (7)
in C:\xampp\htdocs\Amplify\protected\widgets\Navbar.php (12)
2025/05/15 14:51:51 [warning] [application] No customer found for user ID: 2
in C:\xampp\htdocs\Amplify\protected\widgets\Navbar.php (31)
in C:\xampp\htdocs\Amplify\protected\components\views\navbar.php (7)
in C:\xampp\htdocs\Amplify\protected\widgets\Navbar.php (12)
2025/05/15 14:51:58 [warning] [application] No customer found for user ID: 2
in C:\xampp\htdocs\Amplify\protected\widgets\Navbar.php (31)
in C:\xampp\htdocs\Amplify\protected\components\views\navbar.php (7)
in C:\xampp\htdocs\Amplify\protected\widgets\Navbar.php (12)
2025/05/15 14:51:58 [warning] [application] No customer found for user ID: 2
in C:\xampp\htdocs\Amplify\protected\widgets\Navbar.php (31)
in C:\xampp\htdocs\Amplify\protected\components\views\navbar.php (7)
in C:\xampp\htdocs\Amplify\protected\widgets\Navbar.php (12)
2025/05/15 14:51:59 [warning] [application] No customer found for user ID: 2
in C:\xampp\htdocs\Amplify\protected\widgets\Navbar.php (31)
in C:\xampp\htdocs\Amplify\protected\components\views\navbar.php (7)
in C:\xampp\htdocs\Amplify\protected\widgets\Navbar.php (12)
2025/05/15 14:52:01 [warning] [application] No customer found for user ID: 2
in C:\xampp\htdocs\Amplify\protected\widgets\Navbar.php (31)
in C:\xampp\htdocs\Amplify\protected\components\views\navbar.php (7)
in C:\xampp\htdocs\Amplify\protected\widgets\Navbar.php (12)
2025/05/15 14:52:02 [warning] [application] No customer found for user ID: 2
in C:\xampp\htdocs\Amplify\protected\widgets\Navbar.php (31)
in C:\xampp\htdocs\Amplify\protected\components\views\navbar.php (7)
in C:\xampp\htdocs\Amplify\protected\widgets\Navbar.php (12)
2025/05/15 14:52:04 [warning] [application] No customer found for user ID: 2
in C:\xampp\htdocs\Amplify\protected\widgets\Navbar.php (31)
in C:\xampp\htdocs\Amplify\protected\components\views\navbar.php (7)
in C:\xampp\htdocs\Amplify\protected\widgets\Navbar.php (12)
2025/05/15 14:52:05 [warning] [application] No customer found for user ID: 2
in C:\xampp\htdocs\Amplify\protected\widgets\Navbar.php (31)
in C:\xampp\htdocs\Amplify\protected\components\views\navbar.php (7)
in C:\xampp\htdocs\Amplify\protected\widgets\Navbar.php (12)
2025/05/15 14:53:34 [warning] [application] Failed to set unsafe attribute "imageFile" of "Category".
in C:\xampp\htdocs\Amplify\protected\controllers\CategoryController.php (67)
in C:\xampp\htdocs\Amplify\index.php (13)
2025/05/15 14:53:34 [warning] [application] No customer found for user ID: 2
in C:\xampp\htdocs\Amplify\protected\widgets\Navbar.php (31)
in C:\xampp\htdocs\Amplify\protected\components\views\navbar.php (7)
in C:\xampp\htdocs\Amplify\protected\widgets\Navbar.php (12)
2025/05/15 14:53:36 [warning] [application] Failed to set unsafe attribute "imageFile" of "Category".
in C:\xampp\htdocs\Amplify\protected\controllers\CategoryController.php (67)
in C:\xampp\htdocs\Amplify\index.php (13)
2025/05/15 14:53:36 [warning] [application] No customer found for user ID: 2
in C:\xampp\htdocs\Amplify\protected\widgets\Navbar.php (31)
in C:\xampp\htdocs\Amplify\protected\components\views\navbar.php (7)
in C:\xampp\htdocs\Amplify\protected\widgets\Navbar.php (12)
2025/05/15 14:53:37 [warning] [application] No customer found for user ID: 2
in C:\xampp\htdocs\Amplify\protected\widgets\Navbar.php (31)
in C:\xampp\htdocs\Amplify\protected\components\views\navbar.php (7)
in C:\xampp\htdocs\Amplify\protected\widgets\Navbar.php (12)
2025/05/15 14:53:48 [warning] [application] Failed to set unsafe attribute "imageFile" of "Category".
in C:\xampp\htdocs\Amplify\protected\controllers\CategoryController.php (67)
in C:\xampp\htdocs\Amplify\index.php (13)
2025/05/15 14:53:48 [warning] [application] No customer found for user ID: 2
in C:\xampp\htdocs\Amplify\protected\widgets\Navbar.php (31)
in C:\xampp\htdocs\Amplify\protected\components\views\navbar.php (7)
in C:\xampp\htdocs\Amplify\protected\widgets\Navbar.php (12)
2025/05/15 14:53:48 [warning] [application] Failed to set unsafe attribute "imageFile" of "Category".
in C:\xampp\htdocs\Amplify\protected\controllers\CategoryController.php (67)
in C:\xampp\htdocs\Amplify\index.php (13)
2025/05/15 14:53:48 [warning] [application] No customer found for user ID: 2
in C:\xampp\htdocs\Amplify\protected\widgets\Navbar.php (31)
in C:\xampp\htdocs\Amplify\protected\components\views\navbar.php (7)
in C:\xampp\htdocs\Amplify\protected\widgets\Navbar.php (12)
2025/05/15 14:53:49 [warning] [application] No customer found for user ID: 2
in C:\xampp\htdocs\Amplify\protected\widgets\Navbar.php (31)
in C:\xampp\htdocs\Amplify\protected\components\views\navbar.php (7)
in C:\xampp\htdocs\Amplify\protected\widgets\Navbar.php (12)
2025/05/15 14:53:58 [warning] [application] Failed to set unsafe attribute "imageFile" of "Category".
in C:\xampp\htdocs\Amplify\protected\controllers\CategoryController.php (67)
in C:\xampp\htdocs\Amplify\index.php (13)
2025/05/15 14:53:58 [warning] [application] No customer found for user ID: 2
in C:\xampp\htdocs\Amplify\protected\widgets\Navbar.php (31)
in C:\xampp\htdocs\Amplify\protected\components\views\navbar.php (7)
in C:\xampp\htdocs\Amplify\protected\widgets\Navbar.php (12)
2025/05/15 14:53:59 [warning] [application] Failed to set unsafe attribute "imageFile" of "Category".
in C:\xampp\htdocs\Amplify\protected\controllers\CategoryController.php (67)
in C:\xampp\htdocs\Amplify\index.php (13)
2025/05/15 14:53:59 [warning] [application] No customer found for user ID: 2
in C:\xampp\htdocs\Amplify\protected\widgets\Navbar.php (31)
in C:\xampp\htdocs\Amplify\protected\components\views\navbar.php (7)
in C:\xampp\htdocs\Amplify\protected\widgets\Navbar.php (12)
2025/05/15 14:54:00 [warning] [application] No customer found for user ID: 2
in C:\xampp\htdocs\Amplify\protected\widgets\Navbar.php (31)
in C:\xampp\htdocs\Amplify\protected\components\views\navbar.php (7)
in C:\xampp\htdocs\Amplify\protected\widgets\Navbar.php (12)
2025/05/15 14:54:13 [warning] [application] Failed to set unsafe attribute "imageFile" of "Category".
in C:\xampp\htdocs\Amplify\protected\controllers\CategoryController.php (67)
in C:\xampp\htdocs\Amplify\index.php (13)
2025/05/15 14:54:13 [warning] [application] No customer found for user ID: 2
in C:\xampp\htdocs\Amplify\protected\widgets\Navbar.php (31)
in C:\xampp\htdocs\Amplify\protected\components\views\navbar.php (7)
in C:\xampp\htdocs\Amplify\protected\widgets\Navbar.php (12)
2025/05/15 14:54:14 [warning] [application] Failed to set unsafe attribute "imageFile" of "Category".
in C:\xampp\htdocs\Amplify\protected\controllers\CategoryController.php (67)
in C:\xampp\htdocs\Amplify\index.php (13)
2025/05/15 14:54:14 [warning] [application] No customer found for user ID: 2
in C:\xampp\htdocs\Amplify\protected\widgets\Navbar.php (31)
in C:\xampp\htdocs\Amplify\protected\components\views\navbar.php (7)
in C:\xampp\htdocs\Amplify\protected\widgets\Navbar.php (12)
2025/05/15 14:54:15 [warning] [application] No customer found for user ID: 2
in C:\xampp\htdocs\Amplify\protected\widgets\Navbar.php (31)
in C:\xampp\htdocs\Amplify\protected\components\views\navbar.php (7)
in C:\xampp\htdocs\Amplify\protected\widgets\Navbar.php (12)
2025/05/15 14:54:25 [warning] [application] Failed to set unsafe attribute "imageFile" of "Category".
in C:\xampp\htdocs\Amplify\protected\controllers\CategoryController.php (67)
in C:\xampp\htdocs\Amplify\index.php (13)
2025/05/15 14:54:25 [warning] [application] No customer found for user ID: 2
in C:\xampp\htdocs\Amplify\protected\widgets\Navbar.php (31)
in C:\xampp\htdocs\Amplify\protected\components\views\navbar.php (7)
in C:\xampp\htdocs\Amplify\protected\widgets\Navbar.php (12)
2025/05/15 14:54:26 [warning] [application] Failed to set unsafe attribute "imageFile" of "Category".
in C:\xampp\htdocs\Amplify\protected\controllers\CategoryController.php (67)
in C:\xampp\htdocs\Amplify\index.php (13)
2025/05/15 14:54:26 [warning] [application] No customer found for user ID: 2
in C:\xampp\htdocs\Amplify\protected\widgets\Navbar.php (31)
in C:\xampp\htdocs\Amplify\protected\components\views\navbar.php (7)
in C:\xampp\htdocs\Amplify\protected\widgets\Navbar.php (12)
2025/05/15 14:54:30 [warning] [application] No customer found for user ID: 2
in C:\xampp\htdocs\Amplify\protected\widgets\Navbar.php (31)
in C:\xampp\htdocs\Amplify\protected\components\views\navbar.php (7)
in C:\xampp\htdocs\Amplify\protected\widgets\Navbar.php (12)
2025/05/15 14:54:36 [warning] [application] Failed to set unsafe attribute "imageFile" of "Category".
in C:\xampp\htdocs\Amplify\protected\controllers\CategoryController.php (67)
in C:\xampp\htdocs\Amplify\index.php (13)
2025/05/15 14:54:36 [warning] [application] No customer found for user ID: 2
in C:\xampp\htdocs\Amplify\protected\widgets\Navbar.php (31)
in C:\xampp\htdocs\Amplify\protected\components\views\navbar.php (7)
in C:\xampp\htdocs\Amplify\protected\widgets\Navbar.php (12)
2025/05/15 14:54:37 [warning] [application] Failed to set unsafe attribute "imageFile" of "Category".
in C:\xampp\htdocs\Amplify\protected\controllers\CategoryController.php (67)
in C:\xampp\htdocs\Amplify\index.php (13)
2025/05/15 14:54:37 [warning] [application] No customer found for user ID: 2
in C:\xampp\htdocs\Amplify\protected\widgets\Navbar.php (31)
in C:\xampp\htdocs\Amplify\protected\components\views\navbar.php (7)
in C:\xampp\htdocs\Amplify\protected\widgets\Navbar.php (12)
2025/05/15 14:54:40 [warning] [application] No customer found for user ID: 2
in C:\xampp\htdocs\Amplify\protected\widgets\Navbar.php (31)
in C:\xampp\htdocs\Amplify\protected\components\views\navbar.php (7)
in C:\xampp\htdocs\Amplify\protected\widgets\Navbar.php (12)
2025/05/15 14:54:51 [warning] [application] Failed to set unsafe attribute "imageFile" of "Category".
in C:\xampp\htdocs\Amplify\protected\controllers\CategoryController.php (67)
in C:\xampp\htdocs\Amplify\index.php (13)
2025/05/15 14:54:51 [warning] [application] No customer found for user ID: 2
in C:\xampp\htdocs\Amplify\protected\widgets\Navbar.php (31)
in C:\xampp\htdocs\Amplify\protected\components\views\navbar.php (7)
in C:\xampp\htdocs\Amplify\protected\widgets\Navbar.php (12)
2025/05/15 14:54:52 [warning] [application] Failed to set unsafe attribute "imageFile" of "Category".
in C:\xampp\htdocs\Amplify\protected\controllers\CategoryController.php (67)
in C:\xampp\htdocs\Amplify\index.php (13)
2025/05/15 14:54:52 [warning] [application] No customer found for user ID: 2
in C:\xampp\htdocs\Amplify\protected\widgets\Navbar.php (31)
in C:\xampp\htdocs\Amplify\protected\components\views\navbar.php (7)
in C:\xampp\htdocs\Amplify\protected\widgets\Navbar.php (12)
2025/05/15 14:54:55 [warning] [application] No customer found for user ID: 2
in C:\xampp\htdocs\Amplify\protected\widgets\Navbar.php (31)
in C:\xampp\htdocs\Amplify\protected\components\views\navbar.php (7)
in C:\xampp\htdocs\Amplify\protected\widgets\Navbar.php (12)
2025/05/15 14:56:31 [info] [application] Login attempt with username: admin | Password: abc123
in C:\xampp\htdocs\Amplify\protected\controllers\SiteController.php (120)
in C:\xampp\htdocs\Amplify\index.php (13)
2025/05/15 14:56:31 [info] [application] Authentication successful for 'admin'
in C:\xampp\htdocs\Amplify\protected\components\UserIdentity.php (38)
in C:\xampp\htdocs\Amplify\protected\models\LoginForm.php (54)
in C:\xampp\htdocs\Amplify\protected\controllers\SiteController.php (123)
2025/05/15 14:56:31 [warning] [application] No customer found for user ID: 2
in C:\xampp\htdocs\Amplify\protected\widgets\Navbar.php (31)
in C:\xampp\htdocs\Amplify\protected\components\views\navbar.php (7)
in C:\xampp\htdocs\Amplify\protected\widgets\Navbar.php (12)
